生成启动时间为 2019/6/6 17:00:49。
     1>项目“E:\Projects\C++\Visual Studio\Practise4\Practise4\Practise4.vcxproj”在节点 2 上(Build 个目标)。
     1>ClCompile:
         C:\Program Files (x86)\Microsoft Visual Studio 12.0\VC\bin\CL.exe /c /ZI /nologo /W3 /WX- /sdl /Od /Oy- /D _MBCS /Gm /EHsc /RTC1 /MDd /GS /fp:precise /Zc:wchar_t /Zc:forScope /Fo"Debug\\" /Fd"Debug\vc120.pdb" /Gd /TP /analyze- /errorReport:prompt main.cpp MyArray.cpp
         MyArray.cpp
     1>e:\projects\c++\visual studio\practise4\practise4\myarray.cpp(61): error C2561: “MyArray::getData”: 函数必须返回值
                 e:\projects\c++\visual studio\practise4\practise4\myarray.h(15) : 参见“MyArray::getData”的声明
     1>e:\projects\c++\visual studio\practise4\practise4\myarray.cpp(73): error C2561: “MyArray::getLen”: 函数必须返回值
                 e:\projects\c++\visual studio\practise4\practise4\myarray.h(16) : 参见“MyArray::getLen”的声明
         main.cpp
     1>e:\projects\c++\visual studio\practise4\practise4\main.cpp(12): error C3867: “MyArray::getLen”:  函数调用缺少参数列表；请使用“&MyArray::getLen”创建指向成员的指针
     1>e:\projects\c++\visual studio\practise4\practise4\main.cpp(12): error C2446: “<”: 没有从“int (__thiscall MyArray::* )(void)”到“int”的转换
                 没有使该转换得以执行的上下文
     1>e:\projects\c++\visual studio\practise4\practise4\main.cpp(12): error C2297: “<”: 非法，右操作数包含“int (__thiscall MyArray::* )(void)”类型
     1>e:\projects\c++\visual studio\practise4\practise4\main.cpp(16): error C3867: “MyArray::getLen”:  函数调用缺少参数列表；请使用“&MyArray::getLen”创建指向成员的指针
     1>e:\projects\c++\visual studio\practise4\practise4\main.cpp(16): error C2446: “<”: 没有从“int (__thiscall MyArray::* )(void)”到“int”的转换
                 没有使该转换得以执行的上下文
     1>e:\projects\c++\visual studio\practise4\practise4\main.cpp(16): error C2297: “<”: 非法，右操作数包含“int (__thiscall MyArray::* )(void)”类型
     1>e:\projects\c++\visual studio\practise4\practise4\main.cpp(24): error C3867: “MyArray::getLen”:  函数调用缺少参数列表；请使用“&MyArray::getLen”创建指向成员的指针
     1>e:\projects\c++\visual studio\practise4\practise4\main.cpp(24): error C2446: “<”: 没有从“int (__thiscall MyArray::* )(void)”到“int”的转换
                 没有使该转换得以执行的上下文
     1>e:\projects\c++\visual studio\practise4\practise4\main.cpp(24): error C2297: “<”: 非法，右操作数包含“int (__thiscall MyArray::* )(void)”类型
         正在生成代码...
     1>已完成生成项目“E:\Projects\C++\Visual Studio\Practise4\Practise4\Practise4.vcxproj”(Build 个目标)的操作 - 失败。

生成失败。

已用时间 00:00:01.75
