  main.c
c:\visual studio 14.0\vc\include\cmath(17): error C2061: 语法错误: 标识符“noexcept”
c:\visual studio 14.0\vc\include\cmath(17): error C2059: 语法错误:“;”
c:\visual studio 14.0\vc\include\cmath(18): error C2449: 在文件范围内找到“{”(是否缺少函数头?)
c:\visual studio 14.0\vc\include\cmath(20): error C2059: 语法错误:“}”
c:\visual studio 14.0\vc\include\cmath(30): error C2061: 语法错误: 标识符“noexcept”
c:\visual studio 14.0\vc\include\cmath(30): error C2059: 语法错误:“;”
c:\visual studio 14.0\vc\include\cmath(31): error C2449: 在文件范围内找到“{”(是否缺少函数头?)
c:\visual studio 14.0\vc\include\cmath(33): error C2059: 语法错误:“}”
c:\visual studio 14.0\vc\include\cmath(40): error C2061: 语法错误: 标识符“noexcept”
c:\visual studio 14.0\vc\include\cmath(40): error C2059: 语法错误:“;”
c:\visual studio 14.0\vc\include\cmath(41): error C2449: 在文件范围内找到“{”(是否缺少函数头?)
c:\visual studio 14.0\vc\include\cmath(43): error C2059: 语法错误:“}”
c:\visual studio 14.0\vc\include\cmath(50): error C2061: 语法错误: 标识符“noexcept”
c:\visual studio 14.0\vc\include\cmath(50): error C2059: 语法错误:“;”
c:\visual studio 14.0\vc\include\cmath(51): error C2449: 在文件范围内找到“{”(是否缺少函数头?)
c:\visual studio 14.0\vc\include\cmath(53): error C2059: 语法错误:“}”
c:\visual studio 14.0\vc\include\cmath(60): error C2061: 语法错误: 标识符“noexcept”
c:\visual studio 14.0\vc\include\cmath(60): error C2059: 语法错误:“;”
c:\visual studio 14.0\vc\include\cmath(61): error C2449: 在文件范围内找到“{”(是否缺少函数头?)
c:\visual studio 14.0\vc\include\cmath(63): error C2059: 语法错误:“}”
c:\visual studio 14.0\vc\include\cmath(70): error C2061: 语法错误: 标识符“noexcept”
c:\visual studio 14.0\vc\include\cmath(70): error C2059: 语法错误:“;”
c:\visual studio 14.0\vc\include\cmath(71): error C2449: 在文件范围内找到“{”(是否缺少函数头?)
c:\visual studio 14.0\vc\include\cmath(73): error C2059: 语法错误:“}”
c:\visual studio 14.0\vc\include\cmath(81): error C2061: 语法错误: 标识符“noexcept”
c:\visual studio 14.0\vc\include\cmath(81): error C2059: 语法错误:“;”
c:\visual studio 14.0\vc\include\cmath(82): error C2449: 在文件范围内找到“{”(是否缺少函数头?)
c:\visual studio 14.0\vc\include\cmath(84): error C2059: 语法错误:“}”
c:\visual studio 14.0\vc\include\cmath(91): error C2061: 语法错误: 标识符“noexcept”
c:\visual studio 14.0\vc\include\cmath(91): error C2059: 语法错误:“;”
c:\visual studio 14.0\vc\include\cmath(92): error C2449: 在文件范围内找到“{”(是否缺少函数头?)
c:\visual studio 14.0\vc\include\cmath(94): error C2059: 语法错误:“}”
c:\visual studio 14.0\vc\include\cmath(101): error C2061: 语法错误: 标识符“noexcept”
c:\visual studio 14.0\vc\include\cmath(101): error C2059: 语法错误:“;”
c:\visual studio 14.0\vc\include\cmath(102): error C2449: 在文件范围内找到“{”(是否缺少函数头?)
c:\visual studio 14.0\vc\include\cmath(104): error C2059: 语法错误:“}”
c:\visual studio 14.0\vc\include\cmath(111): error C2061: 语法错误: 标识符“noexcept”
c:\visual studio 14.0\vc\include\cmath(111): error C2059: 语法错误:“;”
c:\visual studio 14.0\vc\include\cmath(112): error C2449: 在文件范围内找到“{”(是否缺少函数头?)
c:\visual studio 14.0\vc\include\cmath(114): error C2059: 语法错误:“}”
c:\visual studio 14.0\vc\include\cmath(121): error C2061: 语法错误: 标识符“noexcept”
c:\visual studio 14.0\vc\include\cmath(121): error C2059: 语法错误:“;”
c:\visual studio 14.0\vc\include\cmath(122): error C2449: 在文件范围内找到“{”(是否缺少函数头?)
c:\visual studio 14.0\vc\include\cmath(124): error C2059: 语法错误:“}”
c:\visual studio 14.0\vc\include\cmath(131): error C2061: 语法错误: 标识符“noexcept”
c:\visual studio 14.0\vc\include\cmath(131): error C2059: 语法错误:“;”
c:\visual studio 14.0\vc\include\cmath(132): error C2449: 在文件范围内找到“{”(是否缺少函数头?)
c:\visual studio 14.0\vc\include\cmath(134): error C2059: 语法错误:“}”
c:\visual studio 14.0\vc\include\cmath(142): error C2061: 语法错误: 标识符“noexcept”
c:\visual studio 14.0\vc\include\cmath(142): error C2059: 语法错误:“;”
c:\visual studio 14.0\vc\include\cmath(143): error C2449: 在文件范围内找到“{”(是否缺少函数头?)
c:\visual studio 14.0\vc\include\cmath(145): error C2059: 语法错误:“}”
c:\visual studio 14.0\vc\include\cmath(152): error C2061: 语法错误: 标识符“noexcept”
c:\visual studio 14.0\vc\include\cmath(152): error C2059: 语法错误:“;”
c:\visual studio 14.0\vc\include\cmath(153): error C2449: 在文件范围内找到“{”(是否缺少函数头?)
c:\visual studio 14.0\vc\include\cmath(155): error C2059: 语法错误:“}”
c:\visual studio 14.0\vc\include\cmath(162): error C2061: 语法错误: 标识符“noexcept”
c:\visual studio 14.0\vc\include\cmath(162): error C2059: 语法错误:“;”
c:\visual studio 14.0\vc\include\cmath(163): error C2449: 在文件范围内找到“{”(是否缺少函数头?)
c:\visual studio 14.0\vc\include\cmath(165): error C2059: 语法错误:“}”
c:\visual studio 14.0\vc\include\cmath(172): error C2061: 语法错误: 标识符“noexcept”
c:\visual studio 14.0\vc\include\cmath(172): error C2059: 语法错误:“;”
c:\visual studio 14.0\vc\include\cmath(173): error C2449: 在文件范围内找到“{”(是否缺少函数头?)
c:\visual studio 14.0\vc\include\cmath(175): error C2059: 语法错误:“}”
c:\visual studio 14.0\vc\include\cmath(182): error C2061: 语法错误: 标识符“noexcept”
c:\visual studio 14.0\vc\include\cmath(182): error C2059: 语法错误:“;”
c:\visual studio 14.0\vc\include\cmath(183): error C2449: 在文件范围内找到“{”(是否缺少函数头?)
c:\visual studio 14.0\vc\include\cmath(185): error C2059: 语法错误:“}”
c:\visual studio 14.0\vc\include\cmath(192): error C2061: 语法错误: 标识符“noexcept”
c:\visual studio 14.0\vc\include\cmath(192): error C2059: 语法错误:“;”
c:\visual studio 14.0\vc\include\cmath(193): error C2449: 在文件范围内找到“{”(是否缺少函数头?)
c:\visual studio 14.0\vc\include\cmath(195): error C2059: 语法错误:“}”
c:\visual studio 14.0\vc\include\cmath(202): error C2061: 语法错误: 标识符“noexcept”
c:\visual studio 14.0\vc\include\cmath(202): error C2059: 语法错误:“;”
c:\visual studio 14.0\vc\include\cmath(203): error C2449: 在文件范围内找到“{”(是否缺少函数头?)
c:\visual studio 14.0\vc\include\cmath(205): error C2059: 语法错误:“}”
c:\visual studio 14.0\vc\include\cmath(212): error C2061: 语法错误: 标识符“noexcept”
c:\visual studio 14.0\vc\include\cmath(212): error C2059: 语法错误:“;”
c:\visual studio 14.0\vc\include\cmath(213): error C2449: 在文件范围内找到“{”(是否缺少函数头?)
c:\visual studio 14.0\vc\include\cmath(215): error C2059: 语法错误:“}”
c:\visual studio 14.0\vc\include\cmath(222): error C2061: 语法错误: 标识符“noexcept”
c:\visual studio 14.0\vc\include\cmath(222): error C2059: 语法错误:“;”
c:\visual studio 14.0\vc\include\cmath(223): error C2449: 在文件范围内找到“{”(是否缺少函数头?)
c:\visual studio 14.0\vc\include\cmath(225): error C2059: 语法错误:“}”
c:\visual studio 14.0\vc\include\cmath(232): error C2061: 语法错误: 标识符“noexcept”
c:\visual studio 14.0\vc\include\cmath(232): error C2059: 语法错误:“;”
c:\visual studio 14.0\vc\include\cmath(233): error C2449: 在文件范围内找到“{”(是否缺少函数头?)
c:\visual studio 14.0\vc\include\cmath(235): error C2059: 语法错误:“}”
c:\visual studio 14.0\vc\include\cmath(243): error C2061: 语法错误: 标识符“noexcept”
c:\visual studio 14.0\vc\include\cmath(243): error C2059: 语法错误:“;”
c:\visual studio 14.0\vc\include\cmath(244): error C2449: 在文件范围内找到“{”(是否缺少函数头?)
c:\visual studio 14.0\vc\include\cmath(246): error C2059: 语法错误:“}”
c:\visual studio 14.0\vc\include\cmath(254): error C2061: 语法错误: 标识符“noexcept”
c:\visual studio 14.0\vc\include\cmath(254): error C2059: 语法错误:“;”
c:\visual studio 14.0\vc\include\cmath(255): error C2449: 在文件范围内找到“{”(是否缺少函数头?)
c:\visual studio 14.0\vc\include\cmath(260): error C2059: 语法错误:“}”
c:\visual studio 14.0\vc\include\cmath(268): error C2061: 语法错误: 标识符“noexcept”
c:\visual studio 14.0\vc\include\cmath(268): error C2059: 语法错误:“;”
c:\visual studio 14.0\vc\include\cmath(269): error C2449: 在文件范围内找到“{”(是否缺少函数头?)
c:\visual studio 14.0\vc\include\cmath(271): error C2059: 语法错误:“}”
c:\visual studio 14.0\vc\include\cmath(278): error C2061: 语法错误: 标识符“noexcept”
c:\visual studio 14.0\vc\include\cmath(278): fatal error C1003: 错误计数超过 100；正在停止编译
